<?xml version="1.0" encoding="UTF-8"?>
<testng-results ignored="0" total="1" passed="1" failed="0" skipped="0">
  <reporter-output>
  </reporter-output>
  <suite started-at="2021-03-06T14:03:45 IST" name="Default suite" finished-at="2021-03-06T14:03:57 IST" duration-ms="12162">
    <groups>
    </groups>
    <test started-at="2021-03-06T14:03:45 IST" name="Default test" finished-at="2021-03-06T14:03:57 IST" duration-ms="12162">
      <class name="com.automation.practice.testng.BestSellers">
        <test-method is-config="true" signature="beforeMethod()[pri:0, instance:com.automation.practice.testng.BestSellers@3c72f59f]" started-at="2021-03-06T14:03:45 IST" name="beforeMethod" finished-at="2021-03-06T14:03:45 IST" duration-ms="7" status="PASS">
          <reporter-output>
          </reporter-output>
        </test-method> <!-- beforeMethod -->
        <test-method signature="f()[pri:0, instance:com.automation.practice.testng.BestSellers@3c72f59f]" started-at="2021-03-06T14:03:45 IST" name="f" finished-at="2021-03-06T14:03:57 IST" duration-ms="12101" status="PASS">
          <reporter-output>
          </reporter-output>
        </test-method> <!-- f -->
        <test-method is-config="true" signature="afterMethod()[pri:0, instance:com.automation.practice.testng.BestSellers@3c72f59f]" started-at="2021-03-06T14:03:57 IST" name="afterMethod" finished-at="2021-03-06T14:03:57 IST" duration-ms="1" status="PASS">
          <reporter-output>
          </reporter-output>
        </test-method> <!-- afterMethod -->
      </class> <!-- com.automation.practice.testng.BestSellers -->
    </test> <!-- Default test -->
  </suite> <!-- Default suite -->
</testng-results>
