<?xml version="1.0" encoding="UTF-8"?>
<!-- Generated by org.testng.reporters.JUnitXMLReporter -->
<testsuite ignored="0" hostname="DSK-658" failures="0" tests="8" name="Parallel Tests" time="68.909" errors="0" timestamp="2021-03-06T12:01:48 IST">
  <testcase classname="com.automation.practice.testng.LoginValid" name="f" time="39.288"/>
  <testcase classname="com.automation.practice.testng.ContactUs" name="f" time="39.351"/>
  <testcase classname="com.automation.practice.testng.LoginInvalid" name="f" time="44.041"/>
  <testcase classname="com.automation.practice.testng.Categories" name="f" time="44.058"/>
  <testcase classname="com.automation.practice.testng.LoginAndAddtoCart" name="f" time="56.42"/>
  <testcase classname="com.automation.practice.testng.SignUpInvalid" name="f" time="24.35"/>
  <testcase classname="com.automation.practice.testng.SignupMailExist" name="f" time="20.39"/>
  <testcase classname="com.automation.practice.testng.SignupValid" name="f" time="29.485"/>
</testsuite> <!-- Parallel Tests -->
